# JRE version: Java(TM) SE Runtime Environment (15.0.2+7) (build 15.0.2+7-27)
# Java VM: Java HotSpot(TM) 64-Bit Server VM (15.0.2+7-27, mixed mode, sharing, tiered, compressed oops, g1 gc, windows-amd64)
GC Precious Log:
 CPUs: 8 total, 8 available
 Memory: 7986M
 Large Page Support: Disabled
 NUMA Support: Disabled
 Compressed Oops: Enabled (32-bit)
 Heap Region Size: 1M
 Heap Min Capacity: 8M
 Heap Initial Capacity: 126M
 Heap Max Capacity: 1998M
 Pre-touch: Disabled
 Parallel Workers: 8
 Concurrent Workers: 2
 Concurrent Refinement Workers: 8
 Periodic GC: Disabled
Heap:
 garbage-first heap   total 75776K, used 56719K [0x0000000083200000, 0x0000000100000000)
  region size 1024K, 26 young (26624K), 3 survivors (3072K)
 Metaspace       used 63804K, capacity 64924K, committed 65072K, reserved 1105920K
  class space    used 7824K, capacity 8271K, committed 8320K, reserved 1048576K
GC Heap History (20 events):
Event: 1826.649 GC heap before
{Heap before GC invocations=107 (full 10):
 garbage-first heap   total 70656K, used 53515K [0x0000000083200000, 0x0000000100000000)
  region size 1024K, 24 young (24576K), 3 survivors (3072K)
 Metaspace       used 62942K, capacity 64092K, committed 64304K, reserved 1105920K
  class space    used 7787K, capacity 8227K, committed 8320K, reserved 1048576K
}
Event: 1826.653 GC heap after
{Heap after GC invocations=108 (full 10):
 garbage-first heap   total 70656K, used 33687K [0x0000000083200000, 0x0000000100000000)
  region size 1024K, 1 young (1024K), 1 survivors (1024K)
 Metaspace       used 62942K, capacity 64092K, committed 64304K, reserved 1105920K
  class space    used 7787K, capacity 8227K, committed 8320K, reserved 1048576K
}
Event: 1826.694 GC heap before
{Heap before GC invocations=108 (full 10):
 garbage-first heap   total 70656K, used 54167K [0x0000000083200000, 0x0000000100000000)
  region size 1024K, 22 young (22528K), 1 survivors (1024K)
 Metaspace       used 62942K, capacity 64092K, committed 64304K, reserved 1105920K
  class space    used 7787K, capacity 8227K, committed 8320K, reserved 1048576K
}
Event: 1826.697 GC heap after
{Heap after GC invocations=109 (full 10):
 garbage-first heap   total 70656K, used 33448K [0x0000000083200000, 0x0000000100000000)
  region size 1024K, 1 young (1024K), 1 survivors (1024K)
 Metaspace       used 62942K, capacity 64092K, committed 64304K, reserved 1105920K
  class space    used 7787K, capacity 8227K, committed 8320K, reserved 1048576K
}
Event: 1827.375 GC heap before
{Heap before GC invocations=110 (full 10):
 garbage-first heap   total 70656K, used 55976K [0x0000000083200000, 0x0000000100000000)
  region size 1024K, 23 young (23552K), 1 survivors (1024K)
 Metaspace       used 63207K, capacity 64348K, committed 64560K, reserved 1105920K
  class space    used 7805K, capacity 8227K, committed 8320K, reserved 1048576K
}
Event: 1827.379 GC heap after
{Heap after GC invocations=111 (full 10):
 garbage-first heap   total 70656K, used 34821K [0x0000000083200000, 0x0000000100000000)
  region size 1024K, 3 young (3072K), 3 survivors (3072K)
 Metaspace       used 63207K, capacity 64348K, committed 64560K, reserved 1105920K
  class space    used 7805K, capacity 8227K, committed 8320K, reserved 1048576K
}
Event: 1827.766 GC heap before
{Heap before GC invocations=111 (full 10):
 garbage-first heap   total 70656K, used 55301K [0x0000000083200000, 0x0000000100000000)
  region size 1024K, 23 young (23552K), 3 survivors (3072K)
 Metaspace       used 63298K, capacity 64412K, committed 64560K, reserved 1105920K
  class space    used 7809K, capacity 8227K, committed 8320K, reserved 1048576K
}
Event: 1827.772 GC heap after
{Heap after GC invocations=112 (full 10):
 garbage-first heap   total 70656K, used 36268K [0x0000000083200000, 0x0000000100000000)
  region size 1024K, 3 young (3072K), 3 survivors (3072K)
 Metaspace       used 63298K, capacity 64412K, committed 64560K, reserved 1105920K
  class space    used 7809K, capacity 8227K, committed 8320K, reserved 1048576K
}
Event: 2198.215 GC heap before
{Heap before GC invocations=113 (full 10):
 garbage-first heap   total 75776K, used 54700K [0x0000000083200000, 0x0000000100000000)
  region size 1024K, 21 young (21504K), 3 survivors (3072K)
 Metaspace       used 63372K, capacity 64511K, committed 64816K, reserved 1105920K
  class space    used 7816K, capacity 8260K, committed 8320K, reserved 1048576K
}
Event: 2198.231 GC heap after
{Heap after GC invocations=114 (full 10):
 garbage-first heap   total 75776K, used 36959K [0x0000000083200000, 0x0000000100000000)
  region size 1024K, 2 young (2048K), 2 survivors (2048K)
 Metaspace       used 63372K, capacity 64511K, committed 64816K, reserved 1105920K
  class space    used 7816K, capacity 8260K, committed 8320K, reserved 1048576K
}
Event: 2235.026 GC heap before
{Heap before GC invocations=114 (full 10):
 garbage-first heap   total 75776K, used 39007K [0x0000000083200000, 0x0000000100000000)
  region size 1024K, 5 young (5120K), 2 survivors (2048K)
 Metaspace       used 63378K, capacity 64517K, committed 64816K, reserved 1105920K
  class space    used 7817K, capacity 8262K, committed 8320K, reserved 1048576K
}
Event: 2235.138 GC heap after
{Heap after GC invocations=115 (full 11):
 garbage-first heap   total 75776K, used 28929K [0x0000000083200000, 0x0000000100000000)
  region size 1024K, 0 young (0K), 0 survivors (0K)
 Metaspace       used 63303K, capacity 64402K, committed 64816K, reserved 1105920K
  class space    used 7800K, capacity 8227K, committed 8320K, reserved 1048576K
}
Event: 2235.627 GC heap before
{Heap before GC invocations=115 (full 11):
 garbage-first heap   total 75776K, used 56577K [0x0000000083200000, 0x0000000100000000)
  region size 1024K, 28 young (28672K), 0 survivors (0K)
 Metaspace       used 63388K, capacity 64522K, committed 64816K, reserved 1105920K
  class space    used 7809K, capacity 8267K, committed 8320K, reserved 1048576K
}
Event: 2235.632 GC heap after
{Heap after GC invocations=116 (full 11):
 garbage-first heap   total 75776K, used 31391K [0x0000000083200000, 0x0000000100000000)
  region size 1024K, 3 young (3072K), 3 survivors (3072K)
 Metaspace       used 63388K, capacity 64522K, committed 64816K, reserved 1105920K
  class space    used 7809K, capacity 8267K, committed 8320K, reserved 1048576K
}
Event: 2235.662 GC heap before
{Heap before GC invocations=116 (full 11):
 garbage-first heap   total 75776K, used 56991K [0x0000000083200000, 0x0000000100000000)
  region size 1024K, 29 young (29696K), 3 survivors (3072K)
 Metaspace       used 63395K, capacity 64522K, committed 64816K, reserved 1105920K
  class space    used 7809K, capacity 8267K, committed 8320K, reserved 1048576K
}
Event: 2235.666 GC heap after
{Heap after GC invocations=117 (full 11):
 garbage-first heap   total 75776K, used 31750K [0x0000000083200000, 0x0000000100000000)
  region size 1024K, 1 young (1024K), 1 survivors (1024K)
 Metaspace       used 63395K, capacity 64522K, committed 64816K, reserved 1105920K
  class space    used 7809K, capacity 8267K, committed 8320K, reserved 1048576K
}
Event: 2236.158 GC heap before
{Heap before GC invocations=117 (full 11):
 garbage-first heap   total 75776K, used 57350K [0x0000000083200000, 0x0000000100000000)
  region size 1024K, 27 young (27648K), 1 survivors (1024K)
 Metaspace       used 63473K, capacity 64650K, committed 64816K, reserved 1105920K
  class space    used 7813K, capacity 8267K, committed 8320K, reserved 1048576K
}
Event: 2236.161 GC heap after
{Heap after GC invocations=118 (full 11):
 garbage-first heap   total 75776K, used 32199K [0x0000000083200000, 0x0000000100000000)
  region size 1024K, 1 young (1024K), 1 survivors (1024K)
 Metaspace       used 63473K, capacity 64650K, committed 64816K, reserved 1105920K
  class space    used 7813K, capacity 8267K, committed 8320K, reserved 1048576K
}
Event: 2236.591 GC heap before
{Heap before GC invocations=119 (full 11):
 garbage-first heap   total 75776K, used 58823K [0x0000000083200000, 0x0000000100000000)
  region size 1024K, 27 young (27648K), 1 survivors (1024K)
 Metaspace       used 63691K, capacity 64842K, committed 65072K, reserved 1105920K
  class space    used 7822K, capacity 8267K, committed 8320K, reserved 1048576K
}
Event: 2236.596 GC heap after
{Heap after GC invocations=120 (full 11):
 garbage-first heap   total 75776K, used 34191K [0x0000000083200000, 0x0000000100000000)
  region size 1024K, 3 young (3072K), 3 survivors (3072K)
 Metaspace       used 63691K, capacity 64842K, committed 65072K, reserved 1105920K
  class space    used 7822K, capacity 8267K, committed 8320K, reserved 1048576K
}

