# JRE version: Java(TM) SE Runtime Environment (15.0.2+7) (build 15.0.2+7-27)
# Java VM: Java HotSpot(TM) 64-Bit Server VM (15.0.2+7-27, mixed mode, sharing, tiered, compressed oops, g1 gc, windows-amd64)
GC Precious Log:
 CPUs: 8 total, 8 available
 Memory: 7986M
 Large Page Support: Disabled
 NUMA Support: Disabled
 Compressed Oops: Enabled (32-bit)
 Heap Region Size: 1M
 Heap Min Capacity: 8M
 Heap Initial Capacity: 126M
 Heap Max Capacity: 1998M
 Pre-touch: Disabled
 Parallel Workers: 8
 Concurrent Workers: 2
 Concurrent Refinement Workers: 8
 Periodic GC: Disabled
Heap:
 garbage-first heap   total 89088K, used 70982K [0x0000000083200000, 0x0000000100000000)
  region size 1024K, 39 young (39936K), 6 survivors (6144K)
 Metaspace       used 57757K, capacity 58418K, committed 58544K, reserved 1099776K
  class space    used 7405K, capacity 7644K, committed 7680K, reserved 1048576K
GC Heap History (20 events):
Event: 2053.654 GC heap before
{Heap before GC invocations=31 (full 1):
 garbage-first heap   total 70656K, used 54257K [0x0000000083200000, 0x0000000100000000)
  region size 1024K, 25 young (25600K), 3 survivors (3072K)
 Metaspace       used 57016K, capacity 57639K, committed 57776K, reserved 1099776K
  class space    used 7383K, capacity 7622K, committed 7680K, reserved 1048576K
}
Event: 2053.664 GC heap after
{Heap after GC invocations=32 (full 1):
 garbage-first heap   total 70656K, used 33865K [0x0000000083200000, 0x0000000100000000)
  region size 1024K, 4 young (4096K), 4 survivors (4096K)
 Metaspace       used 57016K, capacity 57639K, committed 57776K, reserved 1099776K
  class space    used 7383K, capacity 7622K, committed 7680K, reserved 1048576K
}
Event: 2053.677 GC heap before
{Heap before GC invocations=32 (full 1):
 garbage-first heap   total 70656K, used 54345K [0x0000000083200000, 0x0000000100000000)
  region size 1024K, 25 young (25600K), 4 survivors (4096K)
 Metaspace       used 57016K, capacity 57639K, committed 57776K, reserved 1099776K
  class space    used 7383K, capacity 7622K, committed 7680K, reserved 1048576K
}
Event: 2053.693 GC heap after
{Heap after GC invocations=33 (full 1):
 garbage-first heap   total 70656K, used 34026K [0x0000000083200000, 0x0000000100000000)
  region size 1024K, 2 young (2048K), 2 survivors (2048K)
 Metaspace       used 57016K, capacity 57639K, committed 57776K, reserved 1099776K
  class space    used 7383K, capacity 7622K, committed 7680K, reserved 1048576K
}
Event: 2053.900 GC heap before
{Heap before GC invocations=34 (full 1):
 garbage-first heap   total 89088K, used 54506K [0x0000000083200000, 0x0000000100000000)
  region size 1024K, 23 young (23552K), 2 survivors (2048K)
 Metaspace       used 56986K, capacity 57642K, committed 58032K, reserved 1099776K
  class space    used 7363K, capacity 7583K, committed 7680K, reserved 1048576K
}
Event: 2053.913 GC heap after
{Heap after GC invocations=35 (full 1):
 garbage-first heap   total 89088K, used 34198K [0x0000000083200000, 0x0000000100000000)
  region size 1024K, 1 young (1024K), 1 survivors (1024K)
 Metaspace       used 56986K, capacity 57642K, committed 58032K, reserved 1099776K
  class space    used 7363K, capacity 7583K, committed 7680K, reserved 1048576K
}
Event: 2065.404 GC heap before
{Heap before GC invocations=35 (full 1):
 garbage-first heap   total 89088K, used 37270K [0x0000000083200000, 0x0000000100000000)
  region size 1024K, 4 young (4096K), 1 survivors (1024K)
 Metaspace       used 57028K, capacity 57660K, committed 58032K, reserved 1099776K
  class space    used 7365K, capacity 7587K, committed 7680K, reserved 1048576K
}
Event: 2065.443 GC heap after
{Heap after GC invocations=36 (full 1):
 garbage-first heap   total 89088K, used 32694K [0x0000000083200000, 0x0000000100000000)
  region size 1024K, 1 young (1024K), 1 survivors (1024K)
 Metaspace       used 57028K, capacity 57660K, committed 58032K, reserved 1099776K
  class space    used 7365K, capacity 7587K, committed 7680K, reserved 1048576K
}
Event: 2802.694 GC heap before
{Heap before GC invocations=36 (full 1):
 garbage-first heap   total 89088K, used 72630K [0x0000000083200000, 0x0000000100000000)
  region size 1024K, 40 young (40960K), 1 survivors (1024K)
 Metaspace       used 57028K, capacity 57660K, committed 58032K, reserved 1099776K
  class space    used 7365K, capacity 7587K, committed 7680K, reserved 1048576K
}
Event: 2802.713 GC heap after
{Heap after GC invocations=37 (full 1):
 garbage-first heap   total 89088K, used 32570K [0x0000000083200000, 0x0000000100000000)
  region size 1024K, 1 young (1024K), 1 survivors (1024K)
 Metaspace       used 57028K, capacity 57660K, committed 58032K, reserved 1099776K
  class space    used 7365K, capacity 7587K, committed 7680K, reserved 1048576K
}
Event: 3561.350 GC heap before
{Heap before GC invocations=37 (full 1):
 garbage-first heap   total 89088K, used 73530K [0x0000000083200000, 0x0000000100000000)
  region size 1024K, 41 young (41984K), 1 survivors (1024K)
 Metaspace       used 57028K, capacity 57660K, committed 58032K, reserved 1099776K
  class space    used 7365K, capacity 7587K, committed 7680K, reserved 1048576K
}
Event: 3561.363 GC heap after
{Heap after GC invocations=38 (full 1):
 garbage-first heap   total 89088K, used 32557K [0x0000000083200000, 0x0000000100000000)
  region size 1024K, 1 young (1024K), 1 survivors (1024K)
 Metaspace       used 57028K, capacity 57660K, committed 58032K, reserved 1099776K
  class space    used 7365K, capacity 7587K, committed 7680K, reserved 1048576K
}
Event: 4336.807 GC heap before
{Heap before GC invocations=38 (full 1):
 garbage-first heap   total 89088K, used 74541K [0x0000000083200000, 0x0000000100000000)
  region size 1024K, 42 young (43008K), 1 survivors (1024K)
 Metaspace       used 57028K, capacity 57660K, committed 58032K, reserved 1099776K
  class space    used 7365K, capacity 7587K, committed 7680K, reserved 1048576K
}
Event: 4336.831 GC heap after
{Heap after GC invocations=39 (full 1):
 garbage-first heap   total 89088K, used 32562K [0x0000000083200000, 0x0000000100000000)
  region size 1024K, 1 young (1024K), 1 survivors (1024K)
 Metaspace       used 57028K, capacity 57660K, committed 58032K, reserved 1099776K
  class space    used 7365K, capacity 7587K, committed 7680K, reserved 1048576K
}
Event: 4545.311 GC heap before
{Heap before GC invocations=39 (full 1):
 garbage-first heap   total 89088K, used 74546K [0x0000000083200000, 0x0000000100000000)
  region size 1024K, 43 young (44032K), 1 survivors (1024K)
 Metaspace       used 57181K, capacity 57876K, committed 58032K, reserved 1099776K
  class space    used 7381K, capacity 7636K, committed 7680K, reserved 1048576K
}
Event: 4545.329 GC heap after
{Heap after GC invocations=40 (full 1):
 garbage-first heap   total 89088K, used 34973K [0x0000000083200000, 0x0000000100000000)
  region size 1024K, 3 young (3072K), 3 survivors (3072K)
 Metaspace       used 57181K, capacity 57876K, committed 58032K, reserved 1099776K
  class space    used 7381K, capacity 7636K, committed 7680K, reserved 1048576K
}
Event: 4545.349 GC heap before
{Heap before GC invocations=40 (full 1):
 garbage-first heap   total 89088K, used 73885K [0x0000000083200000, 0x0000000100000000)
  region size 1024K, 42 young (43008K), 3 survivors (3072K)
 Metaspace       used 57183K, capacity 57876K, committed 58032K, reserved 1099776K
  class space    used 7381K, capacity 7636K, committed 7680K, reserved 1048576K
}
Event: 4545.353 GC heap after
{Heap after GC invocations=41 (full 1):
 garbage-first heap   total 89088K, used 35137K [0x0000000083200000, 0x0000000100000000)
  region size 1024K, 3 young (3072K), 3 survivors (3072K)
 Metaspace       used 57183K, capacity 57876K, committed 58032K, reserved 1099776K
  class space    used 7381K, capacity 7636K, committed 7680K, reserved 1048576K
}
Event: 4546.934 GC heap before
{Heap before GC invocations=41 (full 1):
 garbage-first heap   total 89088K, used 75073K [0x0000000083200000, 0x0000000100000000)
  region size 1024K, 42 young (43008K), 3 survivors (3072K)
 Metaspace       used 57698K, capacity 58349K, committed 58544K, reserved 1099776K
  class space    used 7404K, capacity 7643K, committed 7680K, reserved 1048576K
}
Event: 4546.951 GC heap after
{Heap after GC invocations=42 (full 1):
 garbage-first heap   total 89088K, used 38214K [0x0000000083200000, 0x0000000100000000)
  region size 1024K, 6 young (6144K), 6 survivors (6144K)
 Metaspace       used 57698K, capacity 58349K, committed 58544K, reserved 1099776K
  class space    used 7404K, capacity 7643K, committed 7680K, reserved 1048576K
}

