# JRE version: Java(TM) SE Runtime Environment (15.0.2+7) (build 15.0.2+7-27)
# Java VM: Java HotSpot(TM) 64-Bit Server VM (15.0.2+7-27, mixed mode, sharing, tiered, compressed oops, g1 gc, windows-amd64)
GC Precious Log:
 CPUs: 8 total, 8 available
 Memory: 7986M
 Large Page Support: Disabled
 NUMA Support: Disabled
 Compressed Oops: Enabled (32-bit)
 Heap Region Size: 1M
 Heap Min Capacity: 8M
 Heap Initial Capacity: 126M
 Heap Max Capacity: 1998M
 Pre-touch: Disabled
 Parallel Workers: 8
 Concurrent Workers: 2
 Concurrent Refinement Workers: 8
 Periodic GC: Disabled
Heap:
 garbage-first heap   total 70656K, used 37735K [0x0000000083200000, 0x0000000100000000)
  region size 1024K, 8 young (8192K), 1 survivors (1024K)
 Metaspace       used 58816K, capacity 59486K, committed 59696K, reserved 1101824K
  class space    used 7540K, capacity 7762K, committed 7808K, reserved 1048576K
GC Heap History (20 events):
Event: 259.128 GC heap before
{Heap before GC invocations=24 (full 1):
 garbage-first heap   total 70656K, used 52806K [0x0000000083200000, 0x0000000100000000)
  region size 1024K, 27 young (27648K), 3 survivors (3072K)
 Metaspace       used 53610K, capacity 54213K, committed 54320K, reserved 1095680K
  class space    used 6993K, capacity 7209K, committed 7296K, reserved 1048576K
}
Event: 259.132 GC heap after
{Heap after GC invocations=25 (full 1):
 garbage-first heap   total 70656K, used 29771K [0x0000000083200000, 0x0000000100000000)
  region size 1024K, 1 young (1024K), 1 survivors (1024K)
 Metaspace       used 53610K, capacity 54213K, committed 54320K, reserved 1095680K
  class space    used 6993K, capacity 7209K, committed 7296K, reserved 1048576K
}
Event: 259.282 GC heap before
{Heap before GC invocations=25 (full 1):
 garbage-first heap   total 70656K, used 53323K [0x0000000083200000, 0x0000000100000000)
  region size 1024K, 25 young (25600K), 1 survivors (1024K)
 Metaspace       used 53666K, capacity 54213K, committed 54320K, reserved 1095680K
  class space    used 6994K, capacity 7209K, committed 7296K, reserved 1048576K
}
Event: 259.284 GC heap after
{Heap after GC invocations=26 (full 1):
 garbage-first heap   total 70656K, used 29695K [0x0000000083200000, 0x0000000100000000)
  region size 1024K, 1 young (1024K), 1 survivors (1024K)
 Metaspace       used 53666K, capacity 54213K, committed 54320K, reserved 1095680K
  class space    used 6994K, capacity 7209K, committed 7296K, reserved 1048576K
}
Event: 260.142 GC heap before
{Heap before GC invocations=26 (full 1):
 garbage-first heap   total 70656K, used 55295K [0x0000000083200000, 0x0000000100000000)
  region size 1024K, 26 young (26624K), 1 survivors (1024K)
 Metaspace       used 54139K, capacity 54697K, committed 54832K, reserved 1097728K
  class space    used 7013K, capacity 7218K, committed 7296K, reserved 1048576K
}
Event: 260.146 GC heap after
{Heap after GC invocations=27 (full 1):
 garbage-first heap   total 70656K, used 31491K [0x0000000083200000, 0x0000000100000000)
  region size 1024K, 3 young (3072K), 3 survivors (3072K)
 Metaspace       used 54139K, capacity 54697K, committed 54832K, reserved 1097728K
  class space    used 7013K, capacity 7218K, committed 7296K, reserved 1048576K
}
Event: 268.791 GC heap before
{Heap before GC invocations=27 (full 1):
 garbage-first heap   total 70656K, used 54019K [0x0000000083200000, 0x0000000100000000)
  region size 1024K, 26 young (26624K), 3 survivors (3072K)
 Metaspace       used 56170K, capacity 56727K, committed 56880K, reserved 1099776K
  class space    used 7244K, capacity 7446K, committed 7552K, reserved 1048576K
}
Event: 268.798 GC heap after
{Heap after GC invocations=28 (full 1):
 garbage-first heap   total 70656K, used 33354K [0x0000000083200000, 0x0000000100000000)
  region size 1024K, 4 young (4096K), 4 survivors (4096K)
 Metaspace       used 56170K, capacity 56727K, committed 56880K, reserved 1099776K
  class space    used 7244K, capacity 7446K, committed 7552K, reserved 1048576K
}
Event: 681.379 GC heap before
{Heap before GC invocations=28 (full 1):
 garbage-first heap   total 70656K, used 55882K [0x0000000083200000, 0x0000000100000000)
  region size 1024K, 26 young (26624K), 4 survivors (4096K)
 Metaspace       used 58433K, capacity 59012K, committed 59184K, reserved 1101824K
  class space    used 7519K, capacity 7714K, committed 7808K, reserved 1048576K
}
Event: 681.405 GC heap after
{Heap after GC invocations=29 (full 1):
 garbage-first heap   total 70656K, used 34243K [0x0000000083200000, 0x0000000100000000)
  region size 1024K, 1 young (1024K), 1 survivors (1024K)
 Metaspace       used 58433K, capacity 59012K, committed 59184K, reserved 1101824K
  class space    used 7519K, capacity 7714K, committed 7808K, reserved 1048576K
}
Event: 1344.998 GC heap before
{Heap before GC invocations=29 (full 1):
 garbage-first heap   total 70656K, used 56771K [0x0000000083200000, 0x0000000100000000)
  region size 1024K, 23 young (23552K), 1 survivors (1024K)
 Metaspace       used 58435K, capacity 59012K, committed 59184K, reserved 1101824K
  class space    used 7519K, capacity 7714K, committed 7808K, reserved 1048576K
}
Event: 1345.002 GC heap after
{Heap after GC invocations=30 (full 1):
 garbage-first heap   total 70656K, used 34088K [0x0000000083200000, 0x0000000100000000)
  region size 1024K, 1 young (1024K), 1 survivors (1024K)
 Metaspace       used 58435K, capacity 59012K, committed 59184K, reserved 1101824K
  class space    used 7519K, capacity 7714K, committed 7808K, reserved 1048576K
}
Event: 1917.908 GC heap before
{Heap before GC invocations=31 (full 1):
 garbage-first heap   total 70656K, used 54568K [0x0000000083200000, 0x0000000100000000)
  region size 1024K, 22 young (22528K), 1 survivors (1024K)
 Metaspace       used 58441K, capacity 59012K, committed 59184K, reserved 1101824K
  class space    used 7519K, capacity 7714K, committed 7808K, reserved 1048576K
}
Event: 1917.974 GC heap after
{Heap after GC invocations=32 (full 2):
 garbage-first heap   total 70656K, used 28865K [0x0000000083200000, 0x0000000100000000)
  region size 1024K, 0 young (0K), 0 survivors (0K)
 Metaspace       used 58441K, capacity 59012K, committed 59184K, reserved 1101824K
  class space    used 7519K, capacity 7714K, committed 7808K, reserved 1048576K
}
Event: 1918.587 GC heap before
{Heap before GC invocations=32 (full 2):
 garbage-first heap   total 70656K, used 55489K [0x0000000083200000, 0x0000000100000000)
  region size 1024K, 27 young (27648K), 0 survivors (0K)
 Metaspace       used 58616K, capacity 59284K, committed 59440K, reserved 1101824K
  class space    used 7532K, capacity 7760K, committed 7808K, reserved 1048576K
}
Event: 1918.597 GC heap after
{Heap after GC invocations=33 (full 2):
 garbage-first heap   total 70656K, used 31206K [0x0000000083200000, 0x0000000100000000)
  region size 1024K, 3 young (3072K), 3 survivors (3072K)
 Metaspace       used 58616K, capacity 59284K, committed 59440K, reserved 1101824K
  class space    used 7532K, capacity 7760K, committed 7808K, reserved 1048576K
}
Event: 1918.692 GC heap before
{Heap before GC invocations=33 (full 2):
 garbage-first heap   total 70656K, used 53734K [0x0000000083200000, 0x0000000100000000)
  region size 1024K, 26 young (26624K), 3 survivors (3072K)
 Metaspace       used 58625K, capacity 59284K, committed 59440K, reserved 1101824K
  class space    used 7532K, capacity 7760K, committed 7808K, reserved 1048576K
}
Event: 1918.696 GC heap after
{Heap after GC invocations=34 (full 2):
 garbage-first heap   total 70656K, used 31620K [0x0000000083200000, 0x0000000100000000)
  region size 1024K, 1 young (1024K), 1 survivors (1024K)
 Metaspace       used 58625K, capacity 59284K, committed 59440K, reserved 1101824K
  class space    used 7532K, capacity 7760K, committed 7808K, reserved 1048576K
}
Event: 1918.811 GC heap before
{Heap before GC invocations=34 (full 2):
 garbage-first heap   total 70656K, used 54148K [0x0000000083200000, 0x0000000100000000)
  region size 1024K, 24 young (24576K), 1 survivors (1024K)
 Metaspace       used 58656K, capacity 59348K, committed 59440K, reserved 1101824K
  class space    used 7532K, capacity 7760K, committed 7808K, reserved 1048576K
}
Event: 1918.812 GC heap after
{Heap after GC invocations=35 (full 2):
 garbage-first heap   total 70656K, used 31591K [0x0000000083200000, 0x0000000100000000)
  region size 1024K, 1 young (1024K), 1 survivors (1024K)
 Metaspace       used 58656K, capacity 59348K, committed 59440K, reserved 1101824K
  class space    used 7532K, capacity 7760K, committed 7808K, reserved 1048576K
}

