# JRE version: Java(TM) SE Runtime Environment (15.0.2+7) (build 15.0.2+7-27)
# Java VM: Java HotSpot(TM) 64-Bit Server VM (15.0.2+7-27, mixed mode, sharing, tiered, compressed oops, g1 gc, windows-amd64)
GC Precious Log:
 CPUs: 8 total, 8 available
 Memory: 7986M
 Large Page Support: Disabled
 NUMA Support: Disabled
 Compressed Oops: Enabled (32-bit)
 Heap Region Size: 1M
 Heap Min Capacity: 8M
 Heap Initial Capacity: 126M
 Heap Max Capacity: 1998M
 Pre-touch: Disabled
 Parallel Workers: 8
 Concurrent Workers: 2
 Concurrent Refinement Workers: 8
 Periodic GC: Disabled
Heap:
 garbage-first heap   total 82944K, used 39504K [0x0000000083200000, 0x0000000100000000)
  region size 1024K, 10 young (10240K), 5 survivors (5120K)
 Metaspace       used 56538K, capacity 57250K, committed 57500K, reserved 1099776K
  class space    used 7241K, capacity 7485K, committed 7500K, reserved 1048576K
GC Heap History (20 events):
Event: 1017.475 GC heap before
{Heap before GC invocations=17 (full 1):
 garbage-first heap   total 82944K, used 60421K [0x0000000083200000, 0x0000000100000000)
  region size 1024K, 33 young (33792K), 0 survivors (0K)
 Metaspace       used 55074K, capacity 55665K, committed 55836K, reserved 1097728K
  class space    used 7149K, capacity 7331K, committed 7372K, reserved 1048576K
}
Event: 1017.482 GC heap after
{Heap after GC invocations=18 (full 1):
 garbage-first heap   total 82944K, used 30238K [0x0000000083200000, 0x0000000100000000)
  region size 1024K, 3 young (3072K), 3 survivors (3072K)
 Metaspace       used 55074K, capacity 55665K, committed 55836K, reserved 1097728K
  class space    used 7149K, capacity 7331K, committed 7372K, reserved 1048576K
}
Event: 1017.491 GC heap before
{Heap before GC invocations=18 (full 1):
 garbage-first heap   total 82944K, used 60958K [0x0000000083200000, 0x0000000100000000)
  region size 1024K, 34 young (34816K), 3 survivors (3072K)
 Metaspace       used 55074K, capacity 55665K, committed 55836K, reserved 1097728K
  class space    used 7149K, capacity 7331K, committed 7372K, reserved 1048576K
}
Event: 1017.496 GC heap after
{Heap after GC invocations=19 (full 1):
 garbage-first heap   total 82944K, used 30377K [0x0000000083200000, 0x0000000100000000)
  region size 1024K, 3 young (3072K), 3 survivors (3072K)
 Metaspace       used 55074K, capacity 55665K, committed 55836K, reserved 1097728K
  class space    used 7149K, capacity 7331K, committed 7372K, reserved 1048576K
}
Event: 1018.373 GC heap before
{Heap before GC invocations=19 (full 1):
 garbage-first heap   total 82944K, used 64169K [0x0000000083200000, 0x0000000100000000)
  region size 1024K, 36 young (36864K), 3 survivors (3072K)
 Metaspace       used 55492K, capacity 56105K, committed 56476K, reserved 1097728K
  class space    used 7162K, capacity 7371K, committed 7500K, reserved 1048576K
}
Event: 1018.384 GC heap after
{Heap after GC invocations=20 (full 1):
 garbage-first heap   total 82944K, used 32517K [0x0000000083200000, 0x0000000100000000)
  region size 1024K, 5 young (5120K), 5 survivors (5120K)
 Metaspace       used 55492K, capacity 56105K, committed 56476K, reserved 1097728K
  class space    used 7162K, capacity 7371K, committed 7500K, reserved 1048576K
}
Event: 1417.868 GC heap before
{Heap before GC invocations=20 (full 1):
 garbage-first heap   total 82944K, used 50949K [0x0000000083200000, 0x0000000100000000)
  region size 1024K, 24 young (24576K), 5 survivors (5120K)
 Metaspace       used 55571K, capacity 56121K, committed 56476K, reserved 1097728K
  class space    used 7164K, capacity 7375K, committed 7500K, reserved 1048576K
}
Event: 1417.937 GC heap after
{Heap after GC invocations=21 (full 2):
 garbage-first heap   total 82944K, used 27322K [0x0000000083200000, 0x0000000100000000)
  region size 1024K, 0 young (0K), 0 survivors (0K)
 Metaspace       used 55569K, capacity 56115K, committed 56476K, reserved 1097728K
  class space    used 7164K, capacity 7373K, committed 7500K, reserved 1048576K
}
Event: 1418.515 GC heap before
{Heap before GC invocations=21 (full 2):
 garbage-first heap   total 82944K, used 62138K [0x0000000083200000, 0x0000000100000000)
  region size 1024K, 35 young (35840K), 0 survivors (0K)
 Metaspace       used 55727K, capacity 56417K, committed 56732K, reserved 1099776K
  class space    used 7172K, capacity 7385K, committed 7500K, reserved 1048576K
}
Event: 1418.519 GC heap after
{Heap after GC invocations=22 (full 2):
 garbage-first heap   total 82944K, used 30178K [0x0000000083200000, 0x0000000100000000)
  region size 1024K, 3 young (3072K), 3 survivors (3072K)
 Metaspace       used 55727K, capacity 56417K, committed 56732K, reserved 1099776K
  class space    used 7172K, capacity 7385K, committed 7500K, reserved 1048576K
}
Event: 1418.533 GC heap before
{Heap before GC invocations=22 (full 2):
 garbage-first heap   total 82944K, used 62946K [0x0000000083200000, 0x0000000100000000)
  region size 1024K, 36 young (36864K), 3 survivors (3072K)
 Metaspace       used 55727K, capacity 56417K, committed 56732K, reserved 1099776K
  class space    used 7172K, capacity 7385K, committed 7500K, reserved 1048576K
}
Event: 1418.537 GC heap after
{Heap after GC invocations=23 (full 2):
 garbage-first heap   total 82944K, used 29934K [0x0000000083200000, 0x0000000100000000)
  region size 1024K, 3 young (3072K), 3 survivors (3072K)
 Metaspace       used 55727K, capacity 56417K, committed 56732K, reserved 1099776K
  class space    used 7172K, capacity 7385K, committed 7500K, reserved 1048576K
}
Event: 2239.647 GC heap before
{Heap before GC invocations=23 (full 2):
 garbage-first heap   total 82944K, used 64750K [0x0000000083200000, 0x0000000100000000)
  region size 1024K, 37 young (37888K), 3 survivors (3072K)
 Metaspace       used 56031K, capacity 56680K, committed 56988K, reserved 1099776K
  class space    used 7212K, capacity 7429K, committed 7500K, reserved 1048576K
}
Event: 2239.676 GC heap after
{Heap after GC invocations=24 (full 2):
 garbage-first heap   total 82944K, used 31303K [0x0000000083200000, 0x0000000100000000)
  region size 1024K, 4 young (4096K), 4 survivors (4096K)
 Metaspace       used 56031K, capacity 56680K, committed 56988K, reserved 1099776K
  class space    used 7212K, capacity 7429K, committed 7500K, reserved 1048576K
}
Event: 2240.050 GC heap before
{Heap before GC invocations=24 (full 2):
 garbage-first heap   total 82944K, used 64071K [0x0000000083200000, 0x0000000100000000)
  region size 1024K, 37 young (37888K), 4 survivors (4096K)
 Metaspace       used 56101K, capacity 56833K, committed 56988K, reserved 1099776K
  class space    used 7217K, capacity 7435K, committed 7500K, reserved 1048576K
}
Event: 2240.072 GC heap after
{Heap after GC invocations=25 (full 2):
 garbage-first heap   total 82944K, used 32393K [0x0000000083200000, 0x0000000100000000)
  region size 1024K, 3 young (3072K), 3 survivors (3072K)
 Metaspace       used 56101K, capacity 56833K, committed 56988K, reserved 1099776K
  class space    used 7217K, capacity 7435K, committed 7500K, reserved 1048576K
}
Event: 2240.212 GC heap before
{Heap before GC invocations=25 (full 2):
 garbage-first heap   total 82944K, used 64137K [0x0000000083200000, 0x0000000100000000)
  region size 1024K, 35 young (35840K), 3 survivors (3072K)
 Metaspace       used 56133K, capacity 56897K, committed 56988K, reserved 1099776K
  class space    used 7217K, capacity 7435K, committed 7500K, reserved 1048576K
}
Event: 2240.221 GC heap after
{Heap after GC invocations=26 (full 2):
 garbage-first heap   total 82944K, used 32695K [0x0000000083200000, 0x0000000100000000)
  region size 1024K, 3 young (3072K), 3 survivors (3072K)
 Metaspace       used 56133K, capacity 56897K, committed 56988K, reserved 1099776K
  class space    used 7217K, capacity 7435K, committed 7500K, reserved 1048576K
}
Event: 2241.344 GC heap before
{Heap before GC invocations=26 (full 2):
 garbage-first heap   total 82944K, used 64439K [0x0000000083200000, 0x0000000100000000)
  region size 1024K, 34 young (34816K), 3 survivors (3072K)
 Metaspace       used 56491K, capacity 57186K, committed 57244K, reserved 1099776K
  class space    used 7237K, capacity 7485K, committed 7500K, reserved 1048576K
}
Event: 2241.351 GC heap after
{Heap after GC invocations=27 (full 2):
 garbage-first heap   total 82944K, used 35408K [0x0000000083200000, 0x0000000100000000)
  region size 1024K, 5 young (5120K), 5 survivors (5120K)
 Metaspace       used 56491K, capacity 57186K, committed 57244K, reserved 1099776K
  class space    used 7237K, capacity 7485K, committed 7500K, reserved 1048576K
}

